2014/08/15 21:49:45 [error] [php] date(): It is not safe to rely on the system's timezone settings. You are *required* to use the date.timezone setting or the date_default_timezone_set() function. In case you used any of those methods and you are still getting this warning, you most likely misspelled the timezone identifier. We selected 'Asia/Chongqing' for 'CST/8.0/no DST' instead (/var/www/html/test/protected/views/layouts/main.php:50)
Stack trace:
#0 /var/www/docs/yii/yii-1.1.10.r3566/framework/web/CBaseController.php(96): SiteController->renderInternal()
#1 /var/www/docs/yii/yii-1.1.10.r3566/framework/web/widgets/CContentDecorator.php(77): SiteController->renderFile()
#2 /var/www/docs/yii/yii-1.1.10.r3566/framework/web/widgets/CContentDecorator.php(55): CContentDecorator->decorate()
#3 /var/www/docs/yii/yii-1.1.10.r3566/framework/web/widgets/COutputProcessor.php(45): CContentDecorator->processOutput()
#4 /var/www/docs/yii/yii-1.1.10.r3566/framework/web/CBaseController.php(207): CContentDecorator->run()
#5 /var/www/docs/yii/yii-1.1.10.r3566/framework/web/CBaseController.php(301): SiteController->endWidget()
#6 /var/www/html/test/protected/views/layouts/column1.php(5): SiteController->endContent()
#7 /var/www/docs/yii/yii-1.1.10.r3566/framework/web/CBaseController.php(127): require()
#8 /var/www/docs/yii/yii-1.1.10.r3566/framework/web/CBaseController.php(96): SiteController->renderInternal()
#9 /var/www/docs/yii/yii-1.1.10.r3566/framework/web/CController.php(785): SiteController->renderFile()
#10 /var/www/html/test/protected/controllers/SiteController.php(32): SiteController->render()
#11 /var/www/docs/yii/yii-1.1.10.r3566/framework/web/actions/CInlineAction.php(50): SiteController->actionIndex()
#12 /var/www/docs/yii/yii-1.1.10.r3566/framework/web/CController.php(309): CInlineAction->runWithParams()
#13 /var/www/docs/yii/yii-1.1.10.r3566/framework/web/CController.php(287): SiteController->runAction()
#14 /var/www/docs/yii/yii-1.1.10.r3566/framework/web/CController.php(266): SiteController->runActionWithFilters()
#15 /var/www/docs/yii/yii-1.1.10.r3566/framework/web/CWebApplication.php(276): SiteController->run()
#16 /var/www/docs/yii/yii-1.1.10.r3566/framework/web/CWebApplication.php(135): CWebApplication->runController()
#17 /var/www/docs/yii/yii-1.1.10.r3566/framework/base/CApplication.php(162): CWebApplication->processRequest()
#18 /var/www/html/test/index.php(13): CWebApplication->run()
REQUEST_URI=/
in /var/www/html/test/protected/views/layouts/main.php (50)
in /var/www/html/test/protected/views/layouts/column1.php (5)
in /var/www/html/test/protected/controllers/SiteController.php (32)
2014/08/16 15:50:43 [error] [php] date(): It is not safe to rely on the system's timezone settings. You are *required* to use the date.timezone setting or the date_default_timezone_set() function. In case you used any of those methods and you are still getting this warning, you most likely misspelled the timezone identifier. We selected 'Asia/Chongqing' for 'CST/8.0/no DST' instead (/var/www/html/test/protected/views/layouts/main.php:50)
Stack trace:
#0 /var/www/docs/yii/yii-1.1.10.r3566/framework/web/CBaseController.php(96): SiteController->renderInternal()
#1 /var/www/docs/yii/yii-1.1.10.r3566/framework/web/widgets/CContentDecorator.php(77): SiteController->renderFile()
#2 /var/www/docs/yii/yii-1.1.10.r3566/framework/web/widgets/CContentDecorator.php(55): CContentDecorator->decorate()
#3 /var/www/docs/yii/yii-1.1.10.r3566/framework/web/widgets/COutputProcessor.php(45): CContentDecorator->processOutput()
#4 /var/www/docs/yii/yii-1.1.10.r3566/framework/web/CBaseController.php(207): CContentDecorator->run()
#5 /var/www/docs/yii/yii-1.1.10.r3566/framework/web/CBaseController.php(301): SiteController->endWidget()
#6 /var/www/html/test/protected/views/layouts/column1.php(5): SiteController->endContent()
#7 /var/www/docs/yii/yii-1.1.10.r3566/framework/web/CBaseController.php(127): require()
#8 /var/www/docs/yii/yii-1.1.10.r3566/framework/web/CBaseController.php(96): SiteController->renderInternal()
#9 /var/www/docs/yii/yii-1.1.10.r3566/framework/web/CController.php(785): SiteController->renderFile()
#10 /var/www/html/test/protected/controllers/SiteController.php(32): SiteController->render()
#11 /var/www/docs/yii/yii-1.1.10.r3566/framework/web/actions/CInlineAction.php(50): SiteController->actionIndex()
#12 /var/www/docs/yii/yii-1.1.10.r3566/framework/web/CController.php(309): CInlineAction->runWithParams()
#13 /var/www/docs/yii/yii-1.1.10.r3566/framework/web/CController.php(287): SiteController->runAction()
#14 /var/www/docs/yii/yii-1.1.10.r3566/framework/web/CController.php(266): SiteController->runActionWithFilters()
#15 /var/www/docs/yii/yii-1.1.10.r3566/framework/web/CWebApplication.php(276): SiteController->run()
#16 /var/www/docs/yii/yii-1.1.10.r3566/framework/web/CWebApplication.php(135): CWebApplication->runController()
#17 /var/www/docs/yii/yii-1.1.10.r3566/framework/base/CApplication.php(162): CWebApplication->processRequest()
#18 /var/www/html/test/index.php(13): CWebApplication->run()
REQUEST_URI=/
in /var/www/html/test/protected/views/layouts/main.php (50)
in /var/www/html/test/protected/views/layouts/column1.php (5)
in /var/www/html/test/protected/controllers/SiteController.php (32)
2014/08/17 02:03:48 [error] [exception.CHttpException.404] exception 'CHttpException' with message 'Unable to resolve the request "layouts/main".' in /var/www/docs/yii/yii-1.1.10.r3566/framework/web/CWebApplication.php:280
Stack trace:
#0 /var/www/docs/yii/yii-1.1.10.r3566/framework/web/CWebApplication.php(135): CWebApplication->runController('layouts/main')
#1 /var/www/docs/yii/yii-1.1.10.r3566/framework/base/CApplication.php(162): CWebApplication->processRequest()
#2 /var/www/html/test/index.php(16): CApplication->run()
#3 {main}
REQUEST_URI=/index.php?r=layouts/main
---
